0 verbose cli C:\Program Files\nodejs\node.exe C:\Users\Janeth\AppData\Roaming\npm\node_modules\npm\bin\npm-cli.js
1 info using npm@10.8.3
2 info using node@v20.17.0
3 silly config load:file:C:\Users\Janeth\AppData\Roaming\npm\node_modules\npm\npmrc
4 silly config load:file:C:\Users\Janeth\Desktop\SOFTWARE DEV\landing-page-particles-main\.npmrc
5 silly config load:file:C:\Users\Janeth\.npmrc
6 silly config load:file:C:\Users\Janeth\AppData\Roaming\npm\etc\npmrc
7 verbose title npm audit fix
8 verbose argv "audit" "fix" "--force"
9 verbose logfile logs-max:10 dir:C:\Users\Janeth\Desktop\SOFTWARE DEV\landing-page-particles-main\Janeth\AppData\Data\Roaming\npm-cache\_logs\2024-09-26T16_03_53_442Z-
10 verbose logfile C:\Users\Janeth\Desktop\SOFTWARE DEV\landing-page-particles-main\Janeth\AppData\Data\Roaming\npm-cache\_logs\2024-09-26T16_03_53_442Z-debug-0.log
11 warn using --force Recommended protections disabled.
12 silly packumentCache heap:4345298944 maxSize:1086324736 maxEntrySize:543162368
13 silly logfile done cleaning log files
14 silly audit bulk request {
14 silly audit   '@aashutoshrathi/word-wrap': [ '1.2.6' ],
14 silly audit   '@alloc/quick-lru': [ '5.2.0' ],
14 silly audit   '@babel/runtime': [ '7.23.9' ],
14 silly audit   '@emotion/is-prop-valid': [ '0.8.8' ],
14 silly audit   '@emotion/memoize': [ '0.7.4' ],
14 silly audit   '@eslint-community/eslint-utils': [ '4.4.0' ],
14 silly audit   '@eslint-community/regexpp': [ '4.10.0' ],
14 silly audit   '@eslint/eslintrc': [ '2.1.4' ],
14 silly audit   '@eslint/js': [ '8.56.0' ],
14 silly audit   '@humanwhocodes/config-array': [ '0.11.14' ],
14 silly audit   '@humanwhocodes/module-importer': [ '1.0.1' ],
14 silly audit   '@humanwhocodes/object-schema': [ '2.0.2' ],
14 silly audit   '@isaacs/cliui': [ '8.0.2' ],
14 silly audit   'ansi-regex': [ '6.0.1', '5.0.1' ],
14 silly audit   'strip-ansi': [ '7.1.0', '6.0.1' ],
14 silly audit   '@jridgewell/gen-mapping': [ '0.3.3' ],
14 silly audit   '@jridgewell/resolve-uri': [ '3.1.1' ],
14 silly audit   '@jridgewell/set-array': [ '1.1.2' ],
14 silly audit   '@jridgewell/sourcemap-codec': [ '1.4.15' ],
14 silly audit   '@jridgewell/trace-mapping': [ '0.3.22' ],
14 silly audit   '@next/env': [ '14.1.0' ],
14 silly audit   '@next/eslint-plugin-next': [ '14.1.0' ],
14 silly audit   '@next/swc-darwin-arm64': [ '14.1.0' ],
14 silly audit   '@next/swc-darwin-x64': [ '14.1.0' ],
14 silly audit   '@next/swc-linux-arm64-gnu': [ '14.1.0' ],
14 silly audit   '@next/swc-linux-arm64-musl': [ '14.1.0' ],
14 silly audit   '@next/swc-linux-x64-gnu': [ '14.1.0' ],
14 silly audit   '@next/swc-linux-x64-musl': [ '14.1.0' ],
14 silly audit   '@next/swc-win32-arm64-msvc': [ '14.1.0' ],
14 silly audit   '@next/swc-win32-ia32-msvc': [ '14.1.0' ],
14 silly audit   '@next/swc-win32-x64-msvc': [ '14.1.0' ],
14 silly audit   '@nodelib/fs.scandir': [ '2.1.5' ],
14 silly audit   '@nodelib/fs.stat': [ '2.0.5' ],
14 silly audit   '@nodelib/fs.walk': [ '1.2.8' ],
14 silly audit   '@pkgjs/parseargs': [ '0.11.0' ],
14 silly audit   '@rushstack/eslint-patch': [ '1.7.2' ],
14 silly audit   '@swc/helpers': [ '0.5.2' ],
14 silly audit   '@tsparticles/basic': [ '3.2.1' ],
14 silly audit   '@tsparticles/engine': [ '3.2.1' ],
14 silly audit   '@tsparticles/interaction-external-attract': [ '3.2.1' ],
14 silly audit   '@tsparticles/interaction-external-bounce': [ '3.2.1' ],
14 silly audit   '@tsparticles/interaction-external-bubble': [ '3.2.1' ],
14 silly audit   '@tsparticles/interaction-external-connect': [ '3.2.1' ],
14 silly audit   '@tsparticles/interaction-external-grab': [ '3.2.1' ],
14 silly audit   '@tsparticles/interaction-external-pause': [ '3.2.1' ],
14 silly audit   '@tsparticles/interaction-external-push': [ '3.2.1' ],
14 silly audit   '@tsparticles/interaction-external-remove': [ '3.2.1' ],
14 silly audit   '@tsparticles/interaction-external-repulse': [ '3.2.1' ],
14 silly audit   '@tsparticles/interaction-external-slow': [ '3.2.1' ],
14 silly audit   '@tsparticles/interaction-external-trail': [ '3.2.1' ],
14 silly audit   '@tsparticles/interaction-particles-attract': [ '3.2.1' ],
14 silly audit   '@tsparticles/interaction-particles-collisions': [ '3.2.1' ],
14 silly audit   '@tsparticles/interaction-particles-links': [ '3.2.1' ],
14 silly audit   '@tsparticles/move-base': [ '3.2.1' ],
14 silly audit   '@tsparticles/move-parallax': [ '3.2.1' ],
14 silly audit   '@tsparticles/plugin-absorbers': [ '3.2.1' ],
14 silly audit   '@tsparticles/plugin-easing-quad': [ '3.2.1' ],
14 silly audit   '@tsparticles/plugin-emitters': [ '3.2.1' ],
14 silly audit   '@tsparticles/plugin-emitters-shape-circle': [ '3.2.1' ],
14 silly audit   '@tsparticles/plugin-emitters-shape-square': [ '3.2.1' ],
14 silly audit   '@tsparticles/react': [ '3.0.0' ],
14 silly audit   '@tsparticles/shape-circle': [ '3.2.1' ],
14 silly audit   '@tsparticles/shape-emoji': [ '3.2.1' ],
14 silly audit   '@tsparticles/shape-image': [ '3.2.1' ],
14 silly audit   '@tsparticles/shape-line': [ '3.2.1' ],
14 silly audit   '@tsparticles/shape-polygon': [ '3.2.1' ],
14 silly audit   '@tsparticles/shape-square': [ '3.2.1' ],
14 silly audit   '@tsparticles/shape-star': [ '3.2.1' ],
14 silly audit   '@tsparticles/shape-text': [ '3.2.1' ],
14 silly audit   '@tsparticles/slim': [ '3.2.1' ],
14 silly audit   '@tsparticles/updater-color': [ '3.2.1' ],
14 silly audit   '@tsparticles/updater-destroy': [ '3.2.1' ],
14 silly audit   '@tsparticles/updater-life': [ '3.2.1' ],
14 silly audit   '@tsparticles/updater-opacity': [ '3.2.1' ],
14 silly audit   '@tsparticles/updater-out-modes': [ '3.2.1' ],
14 silly audit   '@tsparticles/updater-roll': [ '3.2.1' ],
14 silly audit   '@tsparticles/updater-rotate': [ '3.2.1' ],
14 silly audit   '@tsparticles/updater-size': [ '3.2.1' ],
14 silly audit   '@tsparticles/updater-stroke-color': [ '3.2.1' ],
14 silly audit   '@tsparticles/updater-tilt': [ '3.2.1' ],
14 silly audit   '@tsparticles/updater-twinkle': [ '3.2.1' ],
14 silly audit   '@tsparticles/updater-wobble': [ '3.2.1' ],
14 silly audit   '@types/json5': [ '0.0.29' ],
14 silly audit   '@types/node': [ '20.11.17' ],
14 silly audit   '@types/prop-types': [ '15.7.11' ],
14 silly audit   '@types/react': [ '18.2.55' ],
14 silly audit   '@types/react-dom': [ '18.2.19' ],
14 silly audit   '@types/react-vertical-timeline-component': [ '3.3.6' ],
14 silly audit   '@types/scheduler': [ '0.16.8' ],
14 silly audit   '@typescript-eslint/parser': [ '6.21.0' ],
14 silly audit   '@typescript-eslint/scope-manager': [ '6.21.0' ],
14 silly audit   '@typescript-eslint/types': [ '6.21.0' ],
14 silly audit   '@typescript-eslint/typescript-estree': [ '6.21.0' ],
14 silly audit   'brace-expansion': [ '2.0.1', '1.1.11' ],
14 silly audit   minimatch: [ '9.0.3', '3.1.2' ],
14 silly audit   '@typescript-eslint/visitor-keys': [ '6.21.0' ],
14 silly audit   '@ungap/structured-clone': [ '1.2.0' ],
14 silly audit   acorn: [ '8.11.3' ],
14 silly audit   'acorn-jsx': [ '5.3.2' ],
14 silly audit   ajv: [ '6.12.6' ],
14 silly audit   'ansi-styles': [ '4.3.0', '6.2.1' ],
14 silly audit   'any-promise': [ '1.3.0' ],
14 silly audit   anymatch: [ '3.1.3' ],
14 silly audit   arg: [ '5.0.2' ],
14 silly audit   argparse: [ '2.0.1' ],
14 silly audit   'aria-query': [ '5.3.0' ],
14 silly audit   'array-buffer-byte-length': [ '1.0.1' ],
14 silly audit   'array-includes': [ '3.1.7' ],
14 silly audit   'array-union': [ '2.1.0' ],
14 silly audit   'array.prototype.filter': [ '1.0.3' ],
14 silly audit   'array.prototype.findlastindex': [ '1.2.4' ],
14 silly audit   'array.prototype.flat': [ '1.3.2' ],
14 silly audit   'array.prototype.flatmap': [ '1.3.2' ],
14 silly audit   'array.prototype.tosorted': [ '1.1.3' ],
14 silly audit   'arraybuffer.prototype.slice': [ '1.0.3' ],
14 silly audit   'ast-types-flow': [ '0.0.8' ],
14 silly audit   'asynciterator.prototype': [ '1.0.0' ],
14 silly audit   autoprefixer: [ '10.4.17' ],
14 silly audit   'available-typed-arrays': [ '1.0.6' ],
14 silly audit   'axe-core': [ '4.7.0' ],
14 silly audit   'axobject-query': [ '3.2.1' ],
14 silly audit   'balanced-match': [ '1.0.2' ],
14 silly audit   'binary-extensions': [ '2.2.0' ],
14 silly audit   braces: [ '3.0.2' ],
14 silly audit   browserslist: [ '4.22.3' ],
14 silly audit   busboy: [ '1.6.0' ],
14 silly audit   'call-bind': [ '1.0.6' ],
14 silly audit   callsites: [ '3.1.0' ],
14 silly audit   'camelcase-css': [ '2.0.1' ],
14 silly audit   'caniuse-lite': [ '1.0.30001585' ],
14 silly audit   chalk: [ '4.1.2' ],
14 silly audit   chokidar: [ '3.6.0' ],
14 silly audit   'glob-parent': [ '5.1.2', '6.0.2' ],
14 silly audit   'client-only': [ '0.0.1' ],
14 silly audit   'color-convert': [ '2.0.1' ],
14 silly audit   'color-name': [ '1.1.4' ],
14 silly audit   commander: [ '4.1.1' ],
14 silly audit   'concat-map': [ '0.0.1' ],
14 silly audit   'countup.js': [ '2.8.0' ],
14 silly audit   'cross-spawn': [ '7.0.3' ],
14 silly audit   cssesc: [ '3.0.0' ],
14 silly audit   csstype: [ '3.1.3' ],
14 silly audit   'damerau-levenshtein': [ '1.0.8' ],
14 silly audit   debug: [ '4.3.4', '3.2.7' ],
14 silly audit   'deep-is': [ '0.1.4' ],
14 silly audit   'define-data-property': [ '1.1.2' ],
14 silly audit   'define-properties': [ '1.2.1' ],
14 silly audit   dequal: [ '2.0.3' ],
14 silly audit   didyoumean: [ '1.2.2' ],
14 silly audit   'dir-glob': [ '3.0.1' ],
14 silly audit   dlv: [ '1.1.3' ],
14 silly audit   doctrine: [ '3.0.0', '2.1.0' ],
14 silly audit   eastasianwidth: [ '0.2.0' ],
14 silly audit   'electron-to-chromium': [ '1.4.665' ],
14 silly audit   'emoji-regex': [ '9.2.2', '8.0.0' ],
14 silly audit   'enhanced-resolve': [ '5.15.0' ],
14 silly audit   'es-abstract': [ '1.22.3' ],
14 silly audit   'es-array-method-boxes-properly': [ '1.0.0' ],
14 silly audit   'es-errors': [ '1.3.0' ],
14 silly audit   'es-iterator-helpers': [ '1.0.16' ],
14 silly audit   'es-set-tostringtag': [ '2.0.2' ],
14 silly audit   'es-shim-unscopables': [ '1.0.2' ],
14 silly audit   'es-to-primitive': [ '1.2.1' ],
14 silly audit   escalade: [ '3.1.2' ],
14 silly audit   'escape-string-regexp': [ '4.0.0' ],
14 silly audit   eslint: [ '8.56.0' ],
14 silly audit   'eslint-config-next': [ '14.1.0' ],
14 silly audit   'eslint-import-resolver-node': [ '0.3.9' ],
14 silly audit   'eslint-import-resolver-typescript': [ '3.6.1' ],
14 silly audit   'eslint-module-utils': [ '2.8.0' ],
14 silly audit   'eslint-plugin-import': [ '2.29.1' ],
14 silly audit   semver: [ '6.3.1', '7.6.0' ],
14 silly audit   'eslint-plugin-jsx-a11y': [ '6.8.0' ],
14 silly audit   'eslint-plugin-react': [ '7.33.2' ],
14 silly audit   'eslint-plugin-react-hooks': [ '4.6.0' ],
14 silly audit   resolve: [ '2.0.0-next.5', '1.22.8' ],
14 silly audit   'eslint-scope': [ '7.2.2' ],
14 silly audit   'eslint-visitor-keys': [ '3.4.3' ],
14 silly audit   espree: [ '9.6.1' ],
14 silly audit   esquery: [ '1.5.0' ],
14 silly audit   esrecurse: [ '4.3.0' ],
14 silly audit   estraverse: [ '5.3.0' ],
14 silly audit   esutils: [ '2.0.3' ],
14 silly audit   'fast-deep-equal': [ '3.1.3' ],
14 silly audit   'fast-glob': [ '3.3.2' ],
14 silly audit   'fast-json-stable-stringify': [ '2.1.0' ],
14 silly audit   'fast-levenshtein': [ '2.0.6' ],
14 silly audit   fastq: [ '1.17.1' ],
14 silly audit   'file-entry-cache': [ '6.0.1' ],
14 silly audit   'fill-range': [ '7.0.1' ],
14 silly audit   'find-up': [ '5.0.0' ],
14 silly audit   'flat-cache': [ '3.2.0' ],
14 silly audit   flatted: [ '3.2.9' ],
14 silly audit   'for-each': [ '0.3.3' ],
14 silly audit   'foreground-child': [ '3.1.1' ],
14 silly audit   'fraction.js': [ '4.3.7' ],
14 silly audit   'framer-motion': [ '11.0.3' ],
14 silly audit   'fs.realpath': [ '1.0.0' ],
14 silly audit   fsevents: [ '2.3.3' ],
14 silly audit   'function-bind': [ '1.1.2' ],
14 silly audit   'function.prototype.name': [ '1.1.6' ],
14 silly audit   'functions-have-names': [ '1.2.3' ],
14 silly audit   'get-intrinsic': [ '1.2.4' ],
14 silly audit   'get-symbol-description': [ '1.0.2' ],
14 silly audit   'get-tsconfig': [ '4.7.2' ],
14 silly audit   glob: [ '10.3.10', '7.2.3' ],
14 silly audit   globals: [ '13.24.0' ],
14 silly audit   globalthis: [ '1.0.3' ],
14 silly audit   globby: [ '11.1.0' ],
14 silly audit   gopd: [ '1.0.1' ],
14 silly audit   'graceful-fs': [ '4.2.11' ],
14 silly audit   graphemer: [ '1.4.0' ],
14 silly audit   'has-bigints': [ '1.0.2' ],
14 silly audit   'has-flag': [ '4.0.0' ],
14 silly audit   'has-property-descriptors': [ '1.0.1' ],
14 silly audit   'has-proto': [ '1.0.1' ],
14 silly audit   'has-symbols': [ '1.0.3' ],
14 silly audit   'has-tostringtag': [ '1.0.2' ],
14 silly audit   hasown: [ '2.0.0' ],
14 silly audit   ignore: [ '5.3.1' ],
14 silly audit   'import-fresh': [ '3.3.0' ],
14 silly audit   imurmurhash: [ '0.1.4' ],
14 silly audit   inflight: [ '1.0.6' ],
14 silly audit   inherits: [ '2.0.4' ],
14 silly audit   'internal-slot': [ '1.0.7' ],
14 silly audit   'is-array-buffer': [ '3.0.4' ],
14 silly audit   'is-async-function': [ '2.0.0' ],
14 silly audit   'is-bigint': [ '1.0.4' ],
14 silly audit   'is-binary-path': [ '2.1.0' ],
14 silly audit   'is-boolean-object': [ '1.1.2' ],
14 silly audit   'is-callable': [ '1.2.7' ],
14 silly audit   'is-core-module': [ '2.13.1' ],
14 silly audit   'is-date-object': [ '1.0.5' ],
14 silly audit   'is-extglob': [ '2.1.1' ],
14 silly audit   'is-finalizationregistry': [ '1.0.2' ],
14 silly audit   'is-fullwidth-code-point': [ '3.0.0' ],
14 silly audit   'is-generator-function': [ '1.0.10' ],
14 silly audit   'is-glob': [ '4.0.3' ],
14 silly audit   'is-map': [ '2.0.2' ],
14 silly audit   'is-negative-zero': [ '2.0.2' ],
14 silly audit   'is-number': [ '7.0.0' ],
14 silly audit   'is-number-object': [ '1.0.7' ],
14 silly audit   'is-path-inside': [ '3.0.3' ],
14 silly audit   'is-regex': [ '1.1.4' ],
14 silly audit   'is-set': [ '2.0.2' ],
14 silly audit   'is-shared-array-buffer': [ '1.0.2' ],
14 silly audit   'is-string': [ '1.0.7' ],
14 silly audit   'is-symbol': [ '1.0.4' ],
14 silly audit   'is-typed-array': [ '1.1.13' ],
14 silly audit   'is-weakmap': [ '2.0.1' ],
14 silly audit   'is-weakref': [ '1.0.2' ],
14 silly audit   'is-weakset': [ '2.0.2' ],
14 silly audit   isarray: [ '2.0.5' ],
14 silly audit   isexe: [ '2.0.0' ],
14 silly audit   'iterator.prototype': [ '1.1.2' ],
14 silly audit   jackspeak: [ '2.3.6' ],
14 silly audit   jiti: [ '1.21.0' ],
14 silly audit   'js-tokens': [ '4.0.0' ],
14 silly audit   'js-yaml': [ '4.1.0' ],
14 silly audit   'json-buffer': [ '3.0.1' ],
14 silly audit   'json-schema-traverse': [ '0.4.1' ],
14 silly audit   'json-stable-stringify-without-jsonify': [ '1.0.1' ],
14 silly audit   json5: [ '1.0.2' ],
14 silly audit   'jsx-ast-utils': [ '3.3.5' ],
14 silly audit   keyv: [ '4.5.4' ],
14 silly audit   'language-subtag-registry': [ '0.3.22' ],
14 silly audit   'language-tags': [ '1.0.9' ],
14 silly audit   levn: [ '0.4.1' ],
14 silly audit   lilconfig: [ '2.1.0', '3.0.0' ],
14 silly audit   'lines-and-columns': [ '1.2.4' ],
14 silly audit   'locate-path': [ '6.0.0' ],
14 silly audit   'lodash.merge': [ '4.6.2' ],
14 silly audit   'loose-envify': [ '1.4.0' ],
14 silly audit   'lru-cache': [ '10.2.0', '6.0.0' ],
14 silly audit   'lucide-react': [ '0.323.0' ],
14 silly audit   merge2: [ '1.4.1' ],
14 silly audit   micromatch: [ '4.0.5' ],
14 silly audit   minimist: [ '1.2.8' ],
14 silly audit   minipass: [ '7.0.4' ],
14 silly audit   ms: [ '2.1.2' ],
14 silly audit   mz: [ '2.7.0' ],
14 silly audit   nanoid: [ '3.3.7' ],
14 silly audit   'natural-compare': [ '1.4.0' ],
14 silly audit   next: [ '14.1.0' ],
14 silly audit   postcss: [ '8.4.31', '8.4.35' ],
14 silly audit   'node-releases': [ '2.0.14' ],
14 silly audit   'normalize-path': [ '3.0.0' ],
14 silly audit   'normalize-range': [ '0.1.2' ],
14 silly audit   'object-assign': [ '4.1.1' ],
14 silly audit   'object-hash': [ '3.0.0' ],
14 silly audit   'object-inspect': [ '1.13.1' ],
14 silly audit   'object-keys': [ '1.1.1' ],
14 silly audit   'object.assign': [ '4.1.5' ],
14 silly audit   'object.entries': [ '1.1.7' ],
14 silly audit   'object.fromentries': [ '2.0.7' ],
14 silly audit   'object.groupby': [ '1.0.2' ],
14 silly audit   'object.hasown': [ '1.1.3' ],
14 silly audit   'object.values': [ '1.1.7' ],
14 silly audit   once: [ '1.4.0' ],
14 silly audit   optionator: [ '0.9.3' ],
14 silly audit   'p-limit': [ '3.1.0' ],
14 silly audit   'p-locate': [ '5.0.0' ],
14 silly audit   'parent-module': [ '1.0.1' ],
14 silly audit   'path-exists': [ '4.0.0' ],
14 silly audit   'path-is-absolute': [ '1.0.1' ],
14 silly audit   'path-key': [ '3.1.1' ],
14 silly audit   'path-parse': [ '1.0.7' ],
14 silly audit   'path-scurry': [ '1.10.1' ],
14 silly audit   'path-type': [ '4.0.0' ],
14 silly audit   picocolors: [ '1.0.0' ],
14 silly audit   picomatch: [ '2.3.1' ],
14 silly audit   pify: [ '2.3.0' ],
14 silly audit   pirates: [ '4.0.6' ],
14 silly audit   'postcss-import': [ '15.1.0' ],
14 silly audit   'postcss-js': [ '4.0.1' ],
14 silly audit   'postcss-load-config': [ '4.0.2' ],
14 silly audit   'postcss-nested': [ '6.0.1' ],
14 silly audit   'postcss-selector-parser': [ '6.0.15' ],
14 silly audit   'postcss-value-parser': [ '4.2.0' ],
14 silly audit   'prelude-ls': [ '1.2.1' ],
14 silly audit   'prop-types': [ '15.8.1' ],
14 silly audit   punycode: [ '2.3.1' ],
14 silly audit   'queue-microtask': [ '1.2.3' ],
14 silly audit   react: [ '18.2.0' ],
14 silly audit   'react-countup': [ '6.5.0' ],
14 silly audit   'react-dom': [ '18.2.0' ],
14 silly audit   'react-is': [ '16.13.1' ],
14 silly audit   'react-type-animation': [ '3.2.0' ],
14 silly audit   'read-cache': [ '1.0.0' ],
14 silly audit   readdirp: [ '3.6.0' ],
14 silly audit   'reflect.getprototypeof': [ '1.0.5' ],
14 silly audit   'regenerator-runtime': [ '0.14.1' ],
14 silly audit   'regexp.prototype.flags': [ '1.5.1' ],
14 silly audit   'resolve-from': [ '4.0.0' ],
14 silly audit   'resolve-pkg-maps': [ '1.0.0' ],
14 silly audit   reusify: [ '1.0.4' ],
14 silly audit   rimraf: [ '3.0.2' ],
14 silly audit   'run-parallel': [ '1.2.0' ],
14 silly audit   'safe-array-concat': [ '1.1.0' ],
14 silly audit   'safe-regex-test': [ '1.0.3' ],
14 silly audit   scheduler: [ '0.23.0' ],
14 silly audit   'set-function-length': [ '1.2.1' ],
14 silly audit   'set-function-name': [ '2.0.1' ],
14 silly audit   'shebang-command': [ '2.0.0' ],
14 silly audit   'shebang-regex': [ '3.0.0' ],
14 silly audit   'side-channel': [ '1.0.5' ],
14 silly audit   'signal-exit': [ '4.1.0' ],
14 silly audit   slash: [ '3.0.0' ],
14 silly audit   'source-map-js': [ '1.0.2' ],
14 silly audit   streamsearch: [ '1.1.0' ],
14 silly audit   'string-width': [ '5.1.2', '4.2.3' ],
14 silly audit   'string.prototype.matchall': [ '4.0.10' ],
14 silly audit   'string.prototype.trim': [ '1.2.8' ],
14 silly audit   'string.prototype.trimend': [ '1.0.7' ],
14 silly audit   'string.prototype.trimstart': [ '1.0.7' ],
14 silly audit   'strip-bom': [ '3.0.0' ],
14 silly audit   'strip-json-comments': [ '3.1.1' ],
14 silly audit   'styled-jsx': [ '5.1.1' ],
14 silly audit   sucrase: [ '3.35.0' ],
14 silly audit   'supports-color': [ '7.2.0' ],
14 silly audit   'supports-preserve-symlinks-flag': [ '1.0.0' ],
14 silly audit   swiper: [ '11.0.6' ],
14 silly audit   tailwindcss: [ '3.4.1' ],
14 silly audit   tapable: [ '2.2.1' ],
14 silly audit   'text-table': [ '0.2.0' ],
14 silly audit   thenify: [ '3.3.1' ],
14 silly audit   'thenify-all': [ '1.6.0' ],
14 silly audit   'to-regex-range': [ '5.0.1' ],
14 silly audit   'ts-api-utils': [ '1.2.1' ],
14 silly audit   'ts-interface-checker': [ '0.1.13' ],
14 silly audit   'tsconfig-paths': [ '3.15.0' ],
14 silly audit   tslib: [ '2.6.2' ],
14 silly audit   tsparticles: [ '3.2.1' ],
14 silly audit   'type-check': [ '0.4.0' ],
14 silly audit   'type-fest': [ '0.20.2' ],
14 silly audit   'typed-array-buffer': [ '1.0.1' ],
14 silly audit   'typed-array-byte-length': [ '1.0.0' ],
14 silly audit   'typed-array-byte-offset': [ '1.0.0' ],
14 silly audit   'typed-array-length': [ '1.0.4' ],
14 silly audit   typescript: [ '5.3.3' ],
14 silly audit   'unbox-primitive': [ '1.0.2' ],
14 silly audit   'undici-types': [ '5.26.5' ],
14 silly audit   'update-browserslist-db': [ '1.0.13' ],
14 silly audit   'uri-js': [ '4.4.1' ],
14 silly audit   'util-deprecate': [ '1.0.2' ],
14 silly audit   which: [ '2.0.2' ],
14 silly audit   'which-boxed-primitive': [ '1.0.2' ],
14 silly audit   'which-builtin-type': [ '1.1.3' ],
14 silly audit   'which-collection': [ '1.0.1' ],
14 silly audit   'which-typed-array': [ '1.1.14' ],
14 silly audit   'wrap-ansi': [ '8.1.0', '7.0.0' ],
14 silly audit   wrappy: [ '1.0.2' ],
14 silly audit   yallist: [ '4.0.0' ],
14 silly audit   yaml: [ '2.3.4' ],
14 silly audit   'yocto-queue': [ '0.1.0' ]
14 silly audit }
15 http fetch POST 200 https://registry.npmjs.org/-/npm/v1/security/advisories/bulk 516ms
16 silly audit report {
16 silly audit report   braces: [
16 silly audit report     {
16 silly audit report       id: 1098094,
16 silly audit report       url: 'https://github.com/advisories/GHSA-grv7-fg5c-xmjg',
16 silly audit report       title: 'Uncontrolled resource consumption in braces',
16 silly audit report       severity: 'high',
16 silly audit report       vulnerable_versions: '<3.0.3',
16 silly audit report       cwe: [Array],
16 silly audit report       cvss: [Object]
16 silly audit report     }
16 silly audit report   ],
16 silly audit report   micromatch: [
16 silly audit report     {
16 silly audit report       id: 1098681,
16 silly audit report       url: 'https://github.com/advisories/GHSA-952p-6rrq-rcjv',
16 silly audit report       title: 'Regular Expression Denial of Service (ReDoS) in micromatch',
16 silly audit report       severity: 'moderate',
16 silly audit report       vulnerable_versions: '<4.0.8',
16 silly audit report       cwe: [Array],
16 silly audit report       cvss: [Object]
16 silly audit report     }
16 silly audit report   ],
16 silly audit report   next: [
16 silly audit report     {
16 silly audit report       id: 1099638,
16 silly audit report       url: 'https://github.com/advisories/GHSA-gp8f-8m3g-qvj9',
16 silly audit report       title: 'Next.js Cache Poisoning',
16 silly audit report       severity: 'high',
16 silly audit report       vulnerable_versions: '>=14.0.0 <14.2.10',
16 silly audit report       cwe: [Array],
16 silly audit report       cvss: [Object]
16 silly audit report     },
16 silly audit report     {
16 silly audit report       id: 1097295,
16 silly audit report       url: 'https://github.com/advisories/GHSA-fr5h-rqp8-mj6g',
16 silly audit report       title: 'Next.js Server-Side Request Forgery in Server Actions',
16 silly audit report       severity: 'high',
16 silly audit report       vulnerable_versions: '>=13.4.0 <14.1.1',
16 silly audit report       cwe: [Array],
16 silly audit report       cvss: [Object]
16 silly audit report     }
16 silly audit report   ]
16 silly audit report }
17 silly packumentCache corgi:https://registry.npmjs.org/braces cache-miss
18 silly packumentCache corgi:https://registry.npmjs.org/micromatch cache-miss
19 silly packumentCache corgi:https://registry.npmjs.org/next cache-miss
20 http fetch GET 200 https://registry.npmjs.org/braces 27ms (cache hit)
21 silly packumentCache corgi:https://registry.npmjs.org/braces set size:35919 disposed:false
22 http fetch GET 200 https://registry.npmjs.org/micromatch 28ms (cache hit)
23 silly packumentCache corgi:https://registry.npmjs.org/micromatch set size:71776 disposed:false
24 http fetch GET 200 https://registry.npmjs.org/next 68ms (cache hit)
25 silly packumentCache corgi:https://registry.npmjs.org/next set size:17167439 disposed:false
26 silly packumentCache corgi:https://registry.npmjs.org/chokidar cache-miss
27 http fetch GET 200 https://registry.npmjs.org/chokidar 9ms (cache hit)
28 silly packumentCache corgi:https://registry.npmjs.org/chokidar set size:116913 disposed:false
29 silly packumentCache corgi:https://registry.npmjs.org/fast-glob cache-miss
30 silly packumentCache corgi:https://registry.npmjs.org/tailwindcss cache-miss
31 http fetch GET 200 https://registry.npmjs.org/fast-glob 12ms (cache hit)
32 silly packumentCache corgi:https://registry.npmjs.org/fast-glob set size:84869 disposed:false
33 http fetch GET 200 https://registry.npmjs.org/tailwindcss 25ms (cache hit)
34 silly packumentCache corgi:https://registry.npmjs.org/tailwindcss set size:3942216 disposed:false
35 warn audit Updating next to 14.2.13, which is outside your stated dependency range.
36 silly idealTree buildDeps
37 silly fetch manifest next@14.2.13
38 silly packumentCache full:https://registry.npmjs.org/next cache-miss
39 http fetch GET 200 https://registry.npmjs.org/next 687ms (cache miss)
40 silly packumentCache full:https://registry.npmjs.org/next set size:undefined disposed:false
41 silly fetch manifest @opentelemetry/api@^1.1.0
42 silly packumentCache full:https://registry.npmjs.org/@opentelemetry%2fapi cache-miss
43 http fetch GET 200 https://registry.npmjs.org/@opentelemetry%2fapi 233ms (cache miss)
44 silly packumentCache full:https://registry.npmjs.org/@opentelemetry%2fapi set size:undefined disposed:false
45 silly fetch manifest @playwright/test@^1.41.2
46 silly packumentCache full:https://registry.npmjs.org/@playwright%2ftest cache-miss
47 http fetch GET 200 https://registry.npmjs.org/@playwright%2ftest 268ms (cache miss)
48 silly packumentCache full:https://registry.npmjs.org/@playwright%2ftest set size:undefined disposed:false
49 silly fetch manifest react@^18
50 silly packumentCache full:https://registry.npmjs.org/react cache-miss
51 http fetch GET 200 https://registry.npmjs.org/react 227ms (cache miss)
52 silly packumentCache full:https://registry.npmjs.org/react set size:undefined disposed:false
53 silly fetch manifest react-dom@^18
54 silly packumentCache full:https://registry.npmjs.org/react-dom cache-miss
55 http fetch GET 200 https://registry.npmjs.org/react-dom 216ms (cache miss)
56 silly packumentCache full:https://registry.npmjs.org/react-dom set size:undefined disposed:false
57 silly fetch manifest sass@^1.3.0
58 silly packumentCache full:https://registry.npmjs.org/sass cache-miss
59 http fetch GET 200 https://registry.npmjs.org/sass 114ms (cache miss)
60 silly packumentCache full:https://registry.npmjs.org/sass set size:undefined disposed:false
61 silly placeDep ROOT next@14.2.13 REPLACE for: landing-framer-particles@0.1.0 want: 14.2.13
62 silly fetch manifest @next/env@14.2.13
63 silly packumentCache full:https://registry.npmjs.org/@next%2fenv cache-miss
64 silly fetch manifest @swc/helpers@0.5.5
65 silly packumentCache full:https://registry.npmjs.org/@swc%2fhelpers cache-miss
66 silly fetch manifest @next/swc-darwin-x64@14.2.13
67 silly packumentCache full:https://registry.npmjs.org/@next%2fswc-darwin-x64 cache-miss
68 silly fetch manifest @next/swc-darwin-arm64@14.2.13
69 silly packumentCache full:https://registry.npmjs.org/@next%2fswc-darwin-arm64 cache-miss
70 silly fetch manifest @next/swc-linux-x64-gnu@14.2.13
71 silly packumentCache full:https://registry.npmjs.org/@next%2fswc-linux-x64-gnu cache-miss
72 silly fetch manifest @next/swc-linux-x64-musl@14.2.13
73 silly packumentCache full:https://registry.npmjs.org/@next%2fswc-linux-x64-musl cache-miss
74 silly fetch manifest @next/swc-win32-x64-msvc@14.2.13
75 silly packumentCache full:https://registry.npmjs.org/@next%2fswc-win32-x64-msvc cache-miss
76 http fetch GET 200 https://registry.npmjs.org/@swc%2fhelpers 1313ms (cache miss)
77 silly packumentCache full:https://registry.npmjs.org/@swc%2fhelpers set size:undefined disposed:false
78 silly fetch manifest @next/swc-linux-arm64-gnu@14.2.13
79 silly packumentCache full:https://registry.npmjs.org/@next%2fswc-linux-arm64-gnu cache-miss
80 http fetch GET 200 https://registry.npmjs.org/@next%2fenv 1381ms (cache miss)
81 silly packumentCache full:https://registry.npmjs.org/@next%2fenv set size:undefined disposed:false
82 silly fetch manifest @next/swc-win32-ia32-msvc@14.2.13
83 silly packumentCache full:https://registry.npmjs.org/@next%2fswc-win32-ia32-msvc cache-miss
84 http fetch GET 200 https://registry.npmjs.org/@next%2fswc-linux-x64-musl 1463ms (cache miss)
85 silly packumentCache full:https://registry.npmjs.org/@next%2fswc-linux-x64-musl set size:undefined disposed:false
86 silly fetch manifest @next/swc-linux-arm64-musl@14.2.13
87 silly packumentCache full:https://registry.npmjs.org/@next%2fswc-linux-arm64-musl cache-miss
88 http fetch GET 200 https://registry.npmjs.org/@next%2fswc-win32-x64-msvc 1505ms (cache miss)
89 silly packumentCache full:https://registry.npmjs.org/@next%2fswc-win32-x64-msvc set size:undefined disposed:false
90 silly fetch manifest @next/swc-win32-arm64-msvc@14.2.13
91 silly packumentCache full:https://registry.npmjs.org/@next%2fswc-win32-arm64-msvc cache-miss
92 http fetch GET 200 https://registry.npmjs.org/@next%2fswc-linux-x64-gnu 1547ms (cache miss)
93 silly packumentCache full:https://registry.npmjs.org/@next%2fswc-linux-x64-gnu set size:undefined disposed:false
94 http fetch GET 200 https://registry.npmjs.org/@next%2fswc-darwin-x64 1591ms (cache miss)
95 silly packumentCache full:https://registry.npmjs.org/@next%2fswc-darwin-x64 set size:undefined disposed:false
96 http fetch GET 200 https://registry.npmjs.org/@next%2fswc-darwin-arm64 1612ms (cache miss)
97 silly packumentCache full:https://registry.npmjs.org/@next%2fswc-darwin-arm64 set size:undefined disposed:false
98 http fetch GET 200 https://registry.npmjs.org/@next%2fswc-linux-arm64-gnu 348ms (cache miss)
99 silly packumentCache full:https://registry.npmjs.org/@next%2fswc-linux-arm64-gnu set size:undefined disposed:false
100 http fetch GET 200 https://registry.npmjs.org/@next%2fswc-win32-arm64-msvc 345ms (cache miss)
101 silly packumentCache full:https://registry.npmjs.org/@next%2fswc-win32-arm64-msvc set size:undefined disposed:false
102 http fetch GET 200 https://registry.npmjs.org/@next%2fswc-linux-arm64-musl 410ms (cache miss)
103 silly packumentCache full:https://registry.npmjs.org/@next%2fswc-linux-arm64-musl set size:undefined disposed:false
104 http fetch GET 200 https://registry.npmjs.org/@next%2fswc-win32-ia32-msvc 501ms (cache miss)
105 silly packumentCache full:https://registry.npmjs.org/@next%2fswc-win32-ia32-msvc set size:undefined disposed:false
106 silly fetch manifest braces@~3.0.2
107 silly packumentCache full:https://registry.npmjs.org/braces cache-miss
108 http fetch GET 200 https://registry.npmjs.org/braces 97ms (cache miss)
109 silly packumentCache full:https://registry.npmjs.org/braces set size:undefined disposed:false
110 silly placeDep ROOT braces@3.0.3 REPLACE for: chokidar@3.6.0 want: ~3.0.2
111 silly fetch manifest fill-range@^7.1.1
112 silly packumentCache full:https://registry.npmjs.org/fill-range cache-miss
113 http fetch GET 200 https://registry.npmjs.org/fill-range 79ms (cache miss)
114 silly packumentCache full:https://registry.npmjs.org/fill-range set size:undefined disposed:false
115 silly placeDep ROOT fill-range@7.1.1 OK for: braces@3.0.3 want: ^7.1.1
116 silly fetch manifest to-regex-range@^5.0.1
117 silly packumentCache full:https://registry.npmjs.org/to-regex-range cache-miss
118 http fetch GET 200 https://registry.npmjs.org/to-regex-range 94ms (cache miss)
119 silly packumentCache full:https://registry.npmjs.org/to-regex-range set size:undefined disposed:false
120 silly fetch manifest micromatch@^4.0.4
121 silly packumentCache full:https://registry.npmjs.org/micromatch cache-miss
122 http fetch GET 200 https://registry.npmjs.org/micromatch 92ms (cache miss)
123 silly packumentCache full:https://registry.npmjs.org/micromatch set size:undefined disposed:false
124 silly placeDep ROOT micromatch@4.0.8 REPLACE for: fast-glob@3.3.2 want: ^4.0.4
125 silly placeDep ROOT to-regex-range@5.0.1 OK for: fill-range@7.1.1 want: ^5.0.1
126 silly fetch manifest is-number@^7.0.0
127 silly packumentCache full:https://registry.npmjs.org/is-number cache-miss
128 http fetch GET 200 https://registry.npmjs.org/is-number 81ms (cache miss)
129 silly packumentCache full:https://registry.npmjs.org/is-number set size:undefined disposed:false
130 silly placeDep ROOT @next/env@14.2.13 OK for: next@14.2.13 want: 14.2.13
131 silly placeDep ROOT @next/swc-darwin-arm64@14.2.13 OK for: next@14.2.13 want: 14.2.13
132 silly placeDep ROOT @next/swc-darwin-x64@14.2.13 OK for: next@14.2.13 want: 14.2.13
133 silly placeDep ROOT @next/swc-linux-arm64-gnu@14.2.13 OK for: next@14.2.13 want: 14.2.13
134 silly placeDep ROOT @next/swc-linux-arm64-musl@14.2.13 OK for: next@14.2.13 want: 14.2.13
135 silly placeDep ROOT @next/swc-linux-x64-gnu@14.2.13 OK for: next@14.2.13 want: 14.2.13
136 silly placeDep ROOT @next/swc-linux-x64-musl@14.2.13 OK for: next@14.2.13 want: 14.2.13
137 silly placeDep ROOT @next/swc-win32-arm64-msvc@14.2.13 OK for: next@14.2.13 want: 14.2.13
138 silly placeDep ROOT @next/swc-win32-ia32-msvc@14.2.13 OK for: next@14.2.13 want: 14.2.13
139 silly placeDep ROOT @next/swc-win32-x64-msvc@14.2.13 OK for: next@14.2.13 want: 14.2.13
140 silly placeDep ROOT @swc/helpers@0.5.5 OK for: next@14.2.13 want: 0.5.5
141 silly fetch manifest @swc/counter@^0.1.3
142 silly packumentCache full:https://registry.npmjs.org/@swc%2fcounter cache-miss
143 http fetch GET 200 https://registry.npmjs.org/@swc%2fcounter 120ms (cache miss)
144 silly packumentCache full:https://registry.npmjs.org/@swc%2fcounter set size:undefined disposed:false
145 silly placeDep ROOT @swc/counter@0.1.3 OK for: @swc/helpers@0.5.5 want: ^0.1.3
146 silly placeDep ROOT is-number@7.0.0 OK for: to-regex-range@5.0.1 want: ^7.0.0
147 silly reify mark retired [
147 silly reify   'C:\\Users\\Janeth\\Desktop\\SOFTWARE DEV\\landing-page-particles-main\\node_modules\\@next\\env'
147 silly reify ]
148 silly reify mark retired [
148 silly reify   'C:\\Users\\Janeth\\Desktop\\SOFTWARE DEV\\landing-page-particles-main\\node_modules\\@next\\swc-win32-x64-msvc'
148 silly reify ]
149 silly reify mark retired [
149 silly reify   'C:\\Users\\Janeth\\Desktop\\SOFTWARE DEV\\landing-page-particles-main\\node_modules\\@swc\\helpers'
149 silly reify ]
150 silly reify mark retired [
150 silly reify   'C:\\Users\\Janeth\\Desktop\\SOFTWARE DEV\\landing-page-particles-main\\node_modules\\braces'
150 silly reify ]
151 silly reify mark retired [
151 silly reify   'C:\\Users\\Janeth\\Desktop\\SOFTWARE DEV\\landing-page-particles-main\\node_modules\\fill-range'
151 silly reify ]
152 silly reify mark retired [
152 silly reify   'C:\\Users\\Janeth\\Desktop\\SOFTWARE DEV\\landing-page-particles-main\\node_modules\\micromatch'
152 silly reify ]
153 silly reify mark retired [
153 silly reify   'C:\\Users\\Janeth\\Desktop\\SOFTWARE DEV\\landing-page-particles-main\\node_modules\\next',
153 silly reify   'C:\\Users\\Janeth\\Desktop\\SOFTWARE DEV\\landing-page-particles-main\\node_modules\\.bin\\next',
153 silly reify   'C:\\Users\\Janeth\\Desktop\\SOFTWARE DEV\\landing-page-particles-main\\node_modules\\.bin\\next.cmd',
153 silly reify   'C:\\Users\\Janeth\\Desktop\\SOFTWARE DEV\\landing-page-particles-main\\node_modules\\.bin\\next.ps1'
153 silly reify ]
154 silly reify moves {
154 silly reify   'C:\\Users\\Janeth\\Desktop\\SOFTWARE DEV\\landing-page-particles-main\\node_modules\\@next\\env': 'C:\\Users\\Janeth\\Desktop\\SOFTWARE DEV\\landing-page-particles-main\\node_modules\\@next\\.env-Ed93FpMQ',
154 silly reify   'C:\\Users\\Janeth\\Desktop\\SOFTWARE DEV\\landing-page-particles-main\\node_modules\\@next\\swc-win32-x64-msvc': 'C:\\Users\\Janeth\\Desktop\\SOFTWARE DEV\\landing-page-particles-main\\node_modules\\@next\\.swc-win32-x64-msvc-XG94mM5d',
154 silly reify   'C:\\Users\\Janeth\\Desktop\\SOFTWARE DEV\\landing-page-particles-main\\node_modules\\@swc\\helpers': 'C:\\Users\\Janeth\\Desktop\\SOFTWARE DEV\\landing-page-particles-main\\node_modules\\@swc\\.helpers-shUZ88ce',
154 silly reify   'C:\\Users\\Janeth\\Desktop\\SOFTWARE DEV\\landing-page-particles-main\\node_modules\\braces': 'C:\\Users\\Janeth\\Desktop\\SOFTWARE DEV\\landing-page-particles-main\\node_modules\\.braces-TpCOumKZ',
154 silly reify   'C:\\Users\\Janeth\\Desktop\\SOFTWARE DEV\\landing-page-particles-main\\node_modules\\fill-range': 'C:\\Users\\Janeth\\Desktop\\SOFTWARE DEV\\landing-page-particles-main\\node_modules\\.fill-range-OjmBRJMh',
154 silly reify   'C:\\Users\\Janeth\\Desktop\\SOFTWARE DEV\\landing-page-particles-main\\node_modules\\micromatch': 'C:\\Users\\Janeth\\Desktop\\SOFTWARE DEV\\landing-page-particles-main\\node_modules\\.micromatch-EbieMfCW',
154 silly reify   'C:\\Users\\Janeth\\Desktop\\SOFTWARE DEV\\landing-page-particles-main\\node_modules\\next': 'C:\\Users\\Janeth\\Desktop\\SOFTWARE DEV\\landing-page-particles-main\\node_modules\\.next-8ZlKPcX2',
154 silly reify   'C:\\Users\\Janeth\\Desktop\\SOFTWARE DEV\\landing-page-particles-main\\node_modules\\.bin\\next': 'C:\\Users\\Janeth\\Desktop\\SOFTWARE DEV\\landing-page-particles-main\\node_modules\\.bin\\.next-eEmclxMG',
154 silly reify   'C:\\Users\\Janeth\\Desktop\\SOFTWARE DEV\\landing-page-particles-main\\node_modules\\.bin\\next.cmd': 'C:\\Users\\Janeth\\Desktop\\SOFTWARE DEV\\landing-page-particles-main\\node_modules\\.bin\\.next.cmd-qibee8yA',
154 silly reify   'C:\\Users\\Janeth\\Desktop\\SOFTWARE DEV\\landing-page-particles-main\\node_modules\\.bin\\next.ps1': 'C:\\Users\\Janeth\\Desktop\\SOFTWARE DEV\\landing-page-particles-main\\node_modules\\.bin\\.next.ps1-aXAvVF4G'
154 silly reify }
155 silly audit bulk request {
155 silly audit   '@aashutoshrathi/word-wrap': [ '1.2.6' ],
155 silly audit   '@alloc/quick-lru': [ '5.2.0' ],
155 silly audit   '@babel/runtime': [ '7.23.9' ],
155 silly audit   '@emotion/is-prop-valid': [ '0.8.8' ],
155 silly audit   '@emotion/memoize': [ '0.7.4' ],
155 silly audit   '@eslint-community/eslint-utils': [ '4.4.0' ],
155 silly audit   '@eslint-community/regexpp': [ '4.10.0' ],
155 silly audit   '@eslint/eslintrc': [ '2.1.4' ],
155 silly audit   '@eslint/js': [ '8.56.0' ],
155 silly audit   '@humanwhocodes/config-array': [ '0.11.14' ],
155 silly audit   '@humanwhocodes/module-importer': [ '1.0.1' ],
155 silly audit   '@humanwhocodes/object-schema': [ '2.0.2' ],
155 silly audit   '@isaacs/cliui': [ '8.0.2' ],
155 silly audit   'ansi-regex': [ '6.0.1', '5.0.1' ],
155 silly audit   'strip-ansi': [ '7.1.0', '6.0.1' ],
155 silly audit   '@jridgewell/gen-mapping': [ '0.3.3' ],
155 silly audit   '@jridgewell/resolve-uri': [ '3.1.1' ],
155 silly audit   '@jridgewell/set-array': [ '1.1.2' ],
155 silly audit   '@jridgewell/sourcemap-codec': [ '1.4.15' ],
155 silly audit   '@jridgewell/trace-mapping': [ '0.3.22' ],
155 silly audit   '@next/eslint-plugin-next': [ '14.1.0' ],
155 silly audit   '@nodelib/fs.scandir': [ '2.1.5' ],
155 silly audit   '@nodelib/fs.stat': [ '2.0.5' ],
155 silly audit   '@nodelib/fs.walk': [ '1.2.8' ],
155 silly audit   '@pkgjs/parseargs': [ '0.11.0' ],
155 silly audit   '@rushstack/eslint-patch': [ '1.7.2' ],
155 silly audit   '@tsparticles/basic': [ '3.2.1' ],
155 silly audit   '@tsparticles/engine': [ '3.2.1' ],
155 silly audit   '@tsparticles/interaction-external-attract': [ '3.2.1' ],
155 silly audit   '@tsparticles/interaction-external-bounce': [ '3.2.1' ],
155 silly audit   '@tsparticles/interaction-external-bubble': [ '3.2.1' ],
155 silly audit   '@tsparticles/interaction-external-connect': [ '3.2.1' ],
155 silly audit   '@tsparticles/interaction-external-grab': [ '3.2.1' ],
155 silly audit   '@tsparticles/interaction-external-pause': [ '3.2.1' ],
155 silly audit   '@tsparticles/interaction-external-push': [ '3.2.1' ],
155 silly audit   '@tsparticles/interaction-external-remove': [ '3.2.1' ],
155 silly audit   '@tsparticles/interaction-external-repulse': [ '3.2.1' ],
155 silly audit   '@tsparticles/interaction-external-slow': [ '3.2.1' ],
155 silly audit   '@tsparticles/interaction-external-trail': [ '3.2.1' ],
155 silly audit   '@tsparticles/interaction-particles-attract': [ '3.2.1' ],
155 silly audit   '@tsparticles/interaction-particles-collisions': [ '3.2.1' ],
155 silly audit   '@tsparticles/interaction-particles-links': [ '3.2.1' ],
155 silly audit   '@tsparticles/move-base': [ '3.2.1' ],
155 silly audit   '@tsparticles/move-parallax': [ '3.2.1' ],
155 silly audit   '@tsparticles/plugin-absorbers': [ '3.2.1' ],
155 silly audit   '@tsparticles/plugin-easing-quad': [ '3.2.1' ],
155 silly audit   '@tsparticles/plugin-emitters': [ '3.2.1' ],
155 silly audit   '@tsparticles/plugin-emitters-shape-circle': [ '3.2.1' ],
155 silly audit   '@tsparticles/plugin-emitters-shape-square': [ '3.2.1' ],
155 silly audit   '@tsparticles/react': [ '3.0.0' ],
155 silly audit   '@tsparticles/shape-circle': [ '3.2.1' ],
155 silly audit   '@tsparticles/shape-emoji': [ '3.2.1' ],
155 silly audit   '@tsparticles/shape-image': [ '3.2.1' ],
155 silly audit   '@tsparticles/shape-line': [ '3.2.1' ],
155 silly audit   '@tsparticles/shape-polygon': [ '3.2.1' ],
155 silly audit   '@tsparticles/shape-square': [ '3.2.1' ],
155 silly audit   '@tsparticles/shape-star': [ '3.2.1' ],
155 silly audit   '@tsparticles/shape-text': [ '3.2.1' ],
155 silly audit   '@tsparticles/slim': [ '3.2.1' ],
155 silly audit   '@tsparticles/updater-color': [ '3.2.1' ],
155 silly audit   '@tsparticles/updater-destroy': [ '3.2.1' ],
155 silly audit   '@tsparticles/updater-life': [ '3.2.1' ],
155 silly audit   '@tsparticles/updater-opacity': [ '3.2.1' ],
155 silly audit   '@tsparticles/updater-out-modes': [ '3.2.1' ],
155 silly audit   '@tsparticles/updater-roll': [ '3.2.1' ],
155 silly audit   '@tsparticles/updater-rotate': [ '3.2.1' ],
155 silly audit   '@tsparticles/updater-size': [ '3.2.1' ],
155 silly audit   '@tsparticles/updater-stroke-color': [ '3.2.1' ],
155 silly audit   '@tsparticles/updater-tilt': [ '3.2.1' ],
155 silly audit   '@tsparticles/updater-twinkle': [ '3.2.1' ],
155 silly audit   '@tsparticles/updater-wobble': [ '3.2.1' ],
155 silly audit   '@types/json5': [ '0.0.29' ],
155 silly audit   '@types/node': [ '20.11.17' ],
155 silly audit   '@types/prop-types': [ '15.7.11' ],
155 silly audit   '@types/react': [ '18.2.55' ],
155 silly audit   '@types/react-dom': [ '18.2.19' ],
155 silly audit   '@types/react-vertical-timeline-component': [ '3.3.6' ],
155 silly audit   '@types/scheduler': [ '0.16.8' ],
155 silly audit   '@typescript-eslint/parser': [ '6.21.0' ],
155 silly audit   '@typescript-eslint/scope-manager': [ '6.21.0' ],
155 silly audit   '@typescript-eslint/types': [ '6.21.0' ],
155 silly audit   '@typescript-eslint/typescript-estree': [ '6.21.0' ],
155 silly audit   'brace-expansion': [ '2.0.1', '1.1.11' ],
155 silly audit   minimatch: [ '9.0.3', '3.1.2' ],
155 silly audit   '@typescript-eslint/visitor-keys': [ '6.21.0' ],
155 silly audit   '@ungap/structured-clone': [ '1.2.0' ],
155 silly audit   acorn: [ '8.11.3' ],
155 silly audit   'acorn-jsx': [ '5.3.2' ],
155 silly audit   ajv: [ '6.12.6' ],
155 silly audit   'ansi-styles': [ '4.3.0', '6.2.1' ],
155 silly audit   'any-promise': [ '1.3.0' ],
155 silly audit   anymatch: [ '3.1.3' ],
155 silly audit   arg: [ '5.0.2' ],
155 silly audit   argparse: [ '2.0.1' ],
155 silly audit   'aria-query': [ '5.3.0' ],
155 silly audit   'array-buffer-byte-length': [ '1.0.1' ],
155 silly audit   'array-includes': [ '3.1.7' ],
155 silly audit   'array-union': [ '2.1.0' ],
155 silly audit   'array.prototype.filter': [ '1.0.3' ],
155 silly audit   'array.prototype.findlastindex': [ '1.2.4' ],
155 silly audit   'array.prototype.flat': [ '1.3.2' ],
155 silly audit   'array.prototype.flatmap': [ '1.3.2' ],
155 silly audit   'array.prototype.tosorted': [ '1.1.3' ],
155 silly audit   'arraybuffer.prototype.slice': [ '1.0.3' ],
155 silly audit   'ast-types-flow': [ '0.0.8' ],
155 silly audit   'asynciterator.prototype': [ '1.0.0' ],
155 silly audit   autoprefixer: [ '10.4.17' ],
155 silly audit   'available-typed-arrays': [ '1.0.6' ],
155 silly audit   'axe-core': [ '4.7.0' ],
155 silly audit   'axobject-query': [ '3.2.1' ],
155 silly audit   'balanced-match': [ '1.0.2' ],
155 silly audit   'binary-extensions': [ '2.2.0' ],
155 silly audit   browserslist: [ '4.22.3' ],
155 silly audit   busboy: [ '1.6.0' ],
155 silly audit   'call-bind': [ '1.0.6' ],
155 silly audit   callsites: [ '3.1.0' ],
155 silly audit   'camelcase-css': [ '2.0.1' ],
155 silly audit   'caniuse-lite': [ '1.0.30001585' ],
155 silly audit   chalk: [ '4.1.2' ],
155 silly audit   chokidar: [ '3.6.0' ],
155 silly audit   'glob-parent': [ '5.1.2', '6.0.2' ],
155 silly audit   'client-only': [ '0.0.1' ],
155 silly audit   'color-convert': [ '2.0.1' ],
155 silly audit   'color-name': [ '1.1.4' ],
155 silly audit   commander: [ '4.1.1' ],
155 silly audit   'concat-map': [ '0.0.1' ],
155 silly audit   'countup.js': [ '2.8.0' ],
155 silly audit   'cross-spawn': [ '7.0.3' ],
155 silly audit   cssesc: [ '3.0.0' ],
155 silly audit   csstype: [ '3.1.3' ],
155 silly audit   'damerau-levenshtein': [ '1.0.8' ],
155 silly audit   debug: [ '4.3.4', '3.2.7' ],
155 silly audit   'deep-is': [ '0.1.4' ],
155 silly audit   'define-data-property': [ '1.1.2' ],
155 silly audit   'define-properties': [ '1.2.1' ],
155 silly audit   dequal: [ '2.0.3' ],
155 silly audit   didyoumean: [ '1.2.2' ],
155 silly audit   'dir-glob': [ '3.0.1' ],
155 silly audit   dlv: [ '1.1.3' ],
155 silly audit   doctrine: [ '3.0.0', '2.1.0' ],
155 silly audit   eastasianwidth: [ '0.2.0' ],
155 silly audit   'electron-to-chromium': [ '1.4.665' ],
155 silly audit   'emoji-regex': [ '9.2.2', '8.0.0' ],
155 silly audit   'enhanced-resolve': [ '5.15.0' ],
155 silly audit   'es-abstract': [ '1.22.3' ],
155 silly audit   'es-array-method-boxes-properly': [ '1.0.0' ],
155 silly audit   'es-errors': [ '1.3.0' ],
155 silly audit   'es-iterator-helpers': [ '1.0.16' ],
155 silly audit   'es-set-tostringtag': [ '2.0.2' ],
155 silly audit   'es-shim-unscopables': [ '1.0.2' ],
155 silly audit   'es-to-primitive': [ '1.2.1' ],
155 silly audit   escalade: [ '3.1.2' ],
155 silly audit   'escape-string-regexp': [ '4.0.0' ],
155 silly audit   eslint: [ '8.56.0' ],
155 silly audit   'eslint-config-next': [ '14.1.0' ],
155 silly audit   'eslint-import-resolver-node': [ '0.3.9' ],
155 silly audit   'eslint-import-resolver-typescript': [ '3.6.1' ],
155 silly audit   'eslint-module-utils': [ '2.8.0' ],
155 silly audit   'eslint-plugin-import': [ '2.29.1' ],
155 silly audit   semver: [ '6.3.1', '7.6.0' ],
155 silly audit   'eslint-plugin-jsx-a11y': [ '6.8.0' ],
155 silly audit   'eslint-plugin-react': [ '7.33.2' ],
155 silly audit   'eslint-plugin-react-hooks': [ '4.6.0' ],
155 silly audit   resolve: [ '2.0.0-next.5', '1.22.8' ],
155 silly audit   'eslint-scope': [ '7.2.2' ],
155 silly audit   'eslint-visitor-keys': [ '3.4.3' ],
155 silly audit   espree: [ '9.6.1' ],
155 silly audit   esquery: [ '1.5.0' ],
155 silly audit   esrecurse: [ '4.3.0' ],
155 silly audit   estraverse: [ '5.3.0' ],
155 silly audit   esutils: [ '2.0.3' ],
155 silly audit   'fast-deep-equal': [ '3.1.3' ],
155 silly audit   'fast-glob': [ '3.3.2' ],
155 silly audit   'fast-json-stable-stringify': [ '2.1.0' ],
155 silly audit   'fast-levenshtein': [ '2.0.6' ],
155 silly audit   fastq: [ '1.17.1' ],
155 silly audit   'file-entry-cache': [ '6.0.1' ],
155 silly audit   'find-up': [ '5.0.0' ],
155 silly audit   'flat-cache': [ '3.2.0' ],
155 silly audit   flatted: [ '3.2.9' ],
155 silly audit   'for-each': [ '0.3.3' ],
155 silly audit   'foreground-child': [ '3.1.1' ],
155 silly audit   'fraction.js': [ '4.3.7' ],
155 silly audit   'framer-motion': [ '11.0.3' ],
155 silly audit   'fs.realpath': [ '1.0.0' ],
155 silly audit   fsevents: [ '2.3.3' ],
155 silly audit   'function-bind': [ '1.1.2' ],
155 silly audit   'function.prototype.name': [ '1.1.6' ],
155 silly audit   'functions-have-names': [ '1.2.3' ],
155 silly audit   'get-intrinsic': [ '1.2.4' ],
155 silly audit   'get-symbol-description': [ '1.0.2' ],
155 silly audit   'get-tsconfig': [ '4.7.2' ],
155 silly audit   glob: [ '10.3.10', '7.2.3' ],
155 silly audit   globals: [ '13.24.0' ],
155 silly audit   globalthis: [ '1.0.3' ],
155 silly audit   globby: [ '11.1.0' ],
155 silly audit   gopd: [ '1.0.1' ],
155 silly audit   'graceful-fs': [ '4.2.11' ],
155 silly audit   graphemer: [ '1.4.0' ],
155 silly audit   'has-bigints': [ '1.0.2' ],
155 silly audit   'has-flag': [ '4.0.0' ],
155 silly audit   'has-property-descriptors': [ '1.0.1' ],
155 silly audit   'has-proto': [ '1.0.1' ],
155 silly audit   'has-symbols': [ '1.0.3' ],
155 silly audit   'has-tostringtag': [ '1.0.2' ],
155 silly audit   hasown: [ '2.0.0' ],
155 silly audit   ignore: [ '5.3.1' ],
155 silly audit   'import-fresh': [ '3.3.0' ],
155 silly audit   imurmurhash: [ '0.1.4' ],
155 silly audit   inflight: [ '1.0.6' ],
155 silly audit   inherits: [ '2.0.4' ],
155 silly audit   'internal-slot': [ '1.0.7' ],
155 silly audit   'is-array-buffer': [ '3.0.4' ],
155 silly audit   'is-async-function': [ '2.0.0' ],
155 silly audit   'is-bigint': [ '1.0.4' ],
155 silly audit   'is-binary-path': [ '2.1.0' ],
155 silly audit   'is-boolean-object': [ '1.1.2' ],
155 silly audit   'is-callable': [ '1.2.7' ],
155 silly audit   'is-core-module': [ '2.13.1' ],
155 silly audit   'is-date-object': [ '1.0.5' ],
155 silly audit   'is-extglob': [ '2.1.1' ],
155 silly audit   'is-finalizationregistry': [ '1.0.2' ],
155 silly audit   'is-fullwidth-code-point': [ '3.0.0' ],
155 silly audit   'is-generator-function': [ '1.0.10' ],
155 silly audit   'is-glob': [ '4.0.3' ],
155 silly audit   'is-map': [ '2.0.2' ],
155 silly audit   'is-negative-zero': [ '2.0.2' ],
155 silly audit   'is-number-object': [ '1.0.7' ],
155 silly audit   'is-path-inside': [ '3.0.3' ],
155 silly audit   'is-regex': [ '1.1.4' ],
155 silly audit   'is-set': [ '2.0.2' ],
155 silly audit   'is-shared-array-buffer': [ '1.0.2' ],
155 silly audit   'is-string': [ '1.0.7' ],
155 silly audit   'is-symbol': [ '1.0.4' ],
155 silly audit   'is-typed-array': [ '1.1.13' ],
155 silly audit   'is-weakmap': [ '2.0.1' ],
155 silly audit   'is-weakref': [ '1.0.2' ],
155 silly audit   'is-weakset': [ '2.0.2' ],
155 silly audit   isarray: [ '2.0.5' ],
155 silly audit   isexe: [ '2.0.0' ],
155 silly audit   'iterator.prototype': [ '1.1.2' ],
155 silly audit   jackspeak: [ '2.3.6' ],
155 silly audit   jiti: [ '1.21.0' ],
155 silly audit   'js-tokens': [ '4.0.0' ],
155 silly audit   'js-yaml': [ '4.1.0' ],
155 silly audit   'json-buffer': [ '3.0.1' ],
155 silly audit   'json-schema-traverse': [ '0.4.1' ],
155 silly audit   'json-stable-stringify-without-jsonify': [ '1.0.1' ],
155 silly audit   json5: [ '1.0.2' ],
155 silly audit   'jsx-ast-utils': [ '3.3.5' ],
155 silly audit   keyv: [ '4.5.4' ],
155 silly audit   'language-subtag-registry': [ '0.3.22' ],
155 silly audit   'language-tags': [ '1.0.9' ],
155 silly audit   levn: [ '0.4.1' ],
155 silly audit   lilconfig: [ '2.1.0', '3.0.0' ],
155 silly audit   'lines-and-columns': [ '1.2.4' ],
155 silly audit   'locate-path': [ '6.0.0' ],
155 silly audit   'lodash.merge': [ '4.6.2' ],
155 silly audit   'loose-envify': [ '1.4.0' ],
155 silly audit   'lru-cache': [ '10.2.0', '6.0.0' ],
155 silly audit   'lucide-react': [ '0.323.0' ],
155 silly audit   merge2: [ '1.4.1' ],
155 silly audit   minimist: [ '1.2.8' ],
155 silly audit   minipass: [ '7.0.4' ],
155 silly audit   ms: [ '2.1.2' ],
155 silly audit   mz: [ '2.7.0' ],
155 silly audit   nanoid: [ '3.3.7' ],
155 silly audit   'natural-compare': [ '1.4.0' ],
155 silly audit   postcss: [ '8.4.35', '8.4.31' ],
155 silly audit   'node-releases': [ '2.0.14' ],
155 silly audit   'normalize-path': [ '3.0.0' ],
155 silly audit   'normalize-range': [ '0.1.2' ],
155 silly audit   'object-assign': [ '4.1.1' ],
155 silly audit   'object-hash': [ '3.0.0' ],
155 silly audit   'object-inspect': [ '1.13.1' ],
155 silly audit   'object-keys': [ '1.1.1' ],
155 silly audit   'object.assign': [ '4.1.5' ],
155 silly audit   'object.entries': [ '1.1.7' ],
155 silly audit   'object.fromentries': [ '2.0.7' ],
155 silly audit   'object.groupby': [ '1.0.2' ],
155 silly audit   'object.hasown': [ '1.1.3' ],
155 silly audit   'object.values': [ '1.1.7' ],
155 silly audit   once: [ '1.4.0' ],
155 silly audit   optionator: [ '0.9.3' ],
155 silly audit   'p-limit': [ '3.1.0' ],
155 silly audit   'p-locate': [ '5.0.0' ],
155 silly audit   'parent-module': [ '1.0.1' ],
155 silly audit   'path-exists': [ '4.0.0' ],
155 silly audit   'path-is-absolute': [ '1.0.1' ],
155 silly audit   'path-key': [ '3.1.1' ],
155 silly audit   'path-parse': [ '1.0.7' ],
155 silly audit   'path-scurry': [ '1.10.1' ],
155 silly audit   'path-type': [ '4.0.0' ],
155 silly audit   picocolors: [ '1.0.0' ],
155 silly audit   picomatch: [ '2.3.1' ],
155 silly audit   pify: [ '2.3.0' ],
155 silly audit   pirates: [ '4.0.6' ],
155 silly audit   'postcss-import': [ '15.1.0' ],
155 silly audit   'postcss-js': [ '4.0.1' ],
155 silly audit   'postcss-load-config': [ '4.0.2' ],
155 silly audit   'postcss-nested': [ '6.0.1' ],
155 silly audit   'postcss-selector-parser': [ '6.0.15' ],
155 silly audit   'postcss-value-parser': [ '4.2.0' ],
155 silly audit   'prelude-ls': [ '1.2.1' ],
155 silly audit   'prop-types': [ '15.8.1' ],
155 silly audit   punycode: [ '2.3.1' ],
155 silly audit   'queue-microtask': [ '1.2.3' ],
155 silly audit   react: [ '18.2.0' ],
155 silly audit   'react-countup': [ '6.5.0' ],
155 silly audit   'react-dom': [ '18.2.0' ],
155 silly audit   'react-is': [ '16.13.1' ],
155 silly audit   'react-type-animation': [ '3.2.0' ],
155 silly audit   'read-cache': [ '1.0.0' ],
155 silly audit   readdirp: [ '3.6.0' ],
155 silly audit   'reflect.getprototypeof': [ '1.0.5' ],
155 silly audit   'regenerator-runtime': [ '0.14.1' ],
155 silly audit   'regexp.prototype.flags': [ '1.5.1' ],
155 silly audit   'resolve-from': [ '4.0.0' ],
155 silly audit   'resolve-pkg-maps': [ '1.0.0' ],
155 silly audit   reusify: [ '1.0.4' ],
155 silly audit   rimraf: [ '3.0.2' ],
155 silly audit   'run-parallel': [ '1.2.0' ],
155 silly audit   'safe-array-concat': [ '1.1.0' ],
155 silly audit   'safe-regex-test': [ '1.0.3' ],
155 silly audit   scheduler: [ '0.23.0' ],
155 silly audit   'set-function-length': [ '1.2.1' ],
155 silly audit   'set-function-name': [ '2.0.1' ],
155 silly audit   'shebang-command': [ '2.0.0' ],
155 silly audit   'shebang-regex': [ '3.0.0' ],
155 silly audit   'side-channel': [ '1.0.5' ],
155 silly audit   'signal-exit': [ '4.1.0' ],
155 silly audit   slash: [ '3.0.0' ],
155 silly audit   'source-map-js': [ '1.0.2' ],
155 silly audit   streamsearch: [ '1.1.0' ],
155 silly audit   'string-width': [ '5.1.2', '4.2.3' ],
155 silly audit   'string.prototype.matchall': [ '4.0.10' ],
155 silly audit   'string.prototype.trim': [ '1.2.8' ],
155 silly audit   'string.prototype.trimend': [ '1.0.7' ],
155 silly audit   'string.prototype.trimstart': [ '1.0.7' ],
155 silly audit   'strip-bom': [ '3.0.0' ],
155 silly audit   'strip-json-comments': [ '3.1.1' ],
155 silly audit   'styled-jsx': [ '5.1.1' ],
155 silly audit   sucrase: [ '3.35.0' ],
155 silly audit   'supports-color': [ '7.2.0' ],
155 silly audit   'supports-preserve-symlinks-flag': [ '1.0.0' ],
155 silly audit   swiper: [ '11.0.6' ],
155 silly audit   tailwindcss: [ '3.4.1' ],
155 silly audit   tapable: [ '2.2.1' ],
155 silly audit   'text-table': [ '0.2.0' ],
155 silly audit   thenify: [ '3.3.1' ],
155 silly audit   'thenify-all': [ '1.6.0' ],
155 silly audit   'ts-api-utils': [ '1.2.1' ],
155 silly audit   'ts-interface-checker': [ '0.1.13' ],
155 silly audit   'tsconfig-paths': [ '3.15.0' ],
155 silly audit   tslib: [ '2.6.2' ],
155 silly audit   tsparticles: [ '3.2.1' ],
155 silly audit   'type-check': [ '0.4.0' ],
155 silly audit   'type-fest': [ '0.20.2' ],
155 silly audit   'typed-array-buffer': [ '1.0.1' ],
155 silly audit   'typed-array-byte-length': [ '1.0.0' ],
155 silly audit   'typed-array-byte-offset': [ '1.0.0' ],
155 silly audit   'typed-array-length': [ '1.0.4' ],
155 silly audit   typescript: [ '5.3.3' ],
155 silly audit   'unbox-primitive': [ '1.0.2' ],
155 silly audit   'undici-types': [ '5.26.5' ],
155 silly audit   'update-browserslist-db': [ '1.0.13' ],
155 silly audit   'uri-js': [ '4.4.1' ],
155 silly audit   'util-deprecate': [ '1.0.2' ],
155 silly audit   which: [ '2.0.2' ],
155 silly audit   'which-boxed-primitive': [ '1.0.2' ],
155 silly audit   'which-builtin-type': [ '1.1.3' ],
155 silly audit   'which-collection': [ '1.0.1' ],
155 silly audit   'which-typed-array': [ '1.1.14' ],
155 silly audit   'wrap-ansi': [ '8.1.0', '7.0.0' ],
155 silly audit   wrappy: [ '1.0.2' ],
155 silly audit   yallist: [ '4.0.0' ],
155 silly audit   yaml: [ '2.3.4' ],
155 silly audit   'yocto-queue': [ '0.1.0' ],
155 silly audit   next: [ '14.2.13' ],
155 silly audit   braces: [ '3.0.3' ],
155 silly audit   'fill-range': [ '7.1.1' ],
155 silly audit   micromatch: [ '4.0.8' ],
155 silly audit   'to-regex-range': [ '5.0.1' ],
155 silly audit   '@next/env': [ '14.2.13' ],
155 silly audit   '@next/swc-darwin-arm64': [ '14.2.13' ],
155 silly audit   '@next/swc-darwin-x64': [ '14.2.13' ],
155 silly audit   '@next/swc-linux-arm64-gnu': [ '14.2.13' ],
155 silly audit   '@next/swc-linux-arm64-musl': [ '14.2.13' ],
155 silly audit   '@next/swc-linux-x64-gnu': [ '14.2.13' ],
155 silly audit   '@next/swc-linux-x64-musl': [ '14.2.13' ],
155 silly audit   '@next/swc-win32-arm64-msvc': [ '14.2.13' ],
155 silly audit   '@next/swc-win32-ia32-msvc': [ '14.2.13' ],
155 silly audit   '@next/swc-win32-x64-msvc': [ '14.2.13' ],
155 silly audit   '@swc/helpers': [ '0.5.5' ],
155 silly audit   '@swc/counter': [ '0.1.3' ],
155 silly audit   'is-number': [ '7.0.0' ]
155 silly audit }
156 verbose reify failed optional dependency C:\Users\Janeth\Desktop\SOFTWARE DEV\landing-page-particles-main\node_modules\@next\swc-win32-ia32-msvc
157 silly reify mark deleted [
157 silly reify   'C:\\Users\\Janeth\\Desktop\\SOFTWARE DEV\\landing-page-particles-main\\node_modules\\@next\\swc-win32-ia32-msvc'
157 silly reify ]
158 verbose reify failed optional dependency C:\Users\Janeth\Desktop\SOFTWARE DEV\landing-page-particles-main\node_modules\@next\swc-win32-arm64-msvc
159 silly reify mark deleted [
159 silly reify   'C:\\Users\\Janeth\\Desktop\\SOFTWARE DEV\\landing-page-particles-main\\node_modules\\@next\\swc-win32-arm64-msvc'
159 silly reify ]
160 verbose reify failed optional dependency C:\Users\Janeth\Desktop\SOFTWARE DEV\landing-page-particles-main\node_modules\@next\swc-linux-x64-musl
161 silly reify mark deleted [
161 silly reify   'C:\\Users\\Janeth\\Desktop\\SOFTWARE DEV\\landing-page-particles-main\\node_modules\\@next\\swc-linux-x64-musl'
161 silly reify ]
162 verbose reify failed optional dependency C:\Users\Janeth\Desktop\SOFTWARE DEV\landing-page-particles-main\node_modules\@next\swc-linux-x64-gnu
163 silly reify mark deleted [
163 silly reify   'C:\\Users\\Janeth\\Desktop\\SOFTWARE DEV\\landing-page-particles-main\\node_modules\\@next\\swc-linux-x64-gnu'
163 silly reify ]
164 verbose reify failed optional dependency C:\Users\Janeth\Desktop\SOFTWARE DEV\landing-page-particles-main\node_modules\@next\swc-linux-arm64-musl
165 silly reify mark deleted [
165 silly reify   'C:\\Users\\Janeth\\Desktop\\SOFTWARE DEV\\landing-page-particles-main\\node_modules\\@next\\swc-linux-arm64-musl'
165 silly reify ]
166 verbose reify failed optional dependency C:\Users\Janeth\Desktop\SOFTWARE DEV\landing-page-particles-main\node_modules\@next\swc-linux-arm64-gnu
167 silly reify mark deleted [
167 silly reify   'C:\\Users\\Janeth\\Desktop\\SOFTWARE DEV\\landing-page-particles-main\\node_modules\\@next\\swc-linux-arm64-gnu'
167 silly reify ]
168 verbose reify failed optional dependency C:\Users\Janeth\Desktop\SOFTWARE DEV\landing-page-particles-main\node_modules\@next\swc-darwin-x64
169 silly reify mark deleted [
169 silly reify   'C:\\Users\\Janeth\\Desktop\\SOFTWARE DEV\\landing-page-particles-main\\node_modules\\@next\\swc-darwin-x64'
169 silly reify ]
170 verbose reify failed optional dependency C:\Users\Janeth\Desktop\SOFTWARE DEV\landing-page-particles-main\node_modules\@next\swc-darwin-arm64
171 silly reify mark deleted [
171 silly reify   'C:\\Users\\Janeth\\Desktop\\SOFTWARE DEV\\landing-page-particles-main\\node_modules\\@next\\swc-darwin-arm64'
171 silly reify ]
172 verbose reify failed optional dependency C:\Users\Janeth\Desktop\SOFTWARE DEV\landing-page-particles-main\node_modules\fsevents
173 silly reify mark deleted [
173 silly reify   'C:\\Users\\Janeth\\Desktop\\SOFTWARE DEV\\landing-page-particles-main\\node_modules\\fsevents'
173 silly reify ]
174 silly tarball no local data for next@https://registry.npmjs.org/next/-/next-14.2.13.tgz. Extracting by manifest.
175 silly tarball no local data for micromatch@https://registry.npmjs.org/micromatch/-/micromatch-4.0.8.tgz. Extracting by manifest.
176 silly tarball no local data for @swc/counter@https://registry.npmjs.org/@swc/counter/-/counter-0.1.3.tgz. Extracting by manifest.
177 silly tarball no local data for fill-range@https://registry.npmjs.org/fill-range/-/fill-range-7.1.1.tgz. Extracting by manifest.
178 silly tarball no local data for @next/env@https://registry.npmjs.org/@next/env/-/env-14.2.13.tgz. Extracting by manifest.
179 silly tarball no local data for braces@https://registry.npmjs.org/braces/-/braces-3.0.3.tgz. Extracting by manifest.
180 silly tarball no local data for @swc/helpers@https://registry.npmjs.org/@swc/helpers/-/helpers-0.5.5.tgz. Extracting by manifest.
181 silly tarball no local data for @next/swc-win32-x64-msvc@https://registry.npmjs.org/@next/swc-win32-x64-msvc/-/swc-win32-x64-msvc-14.2.13.tgz. Extracting by manifest.
182 http fetch GET 200 https://registry.npmjs.org/fill-range/-/fill-range-7.1.1.tgz 101ms (cache miss)
183 http fetch GET 200 https://registry.npmjs.org/micromatch/-/micromatch-4.0.8.tgz 105ms (cache miss)
184 http fetch GET 200 https://registry.npmjs.org/braces/-/braces-3.0.3.tgz 147ms (cache miss)
185 http fetch GET 200 https://registry.npmjs.org/@next/env/-/env-14.2.13.tgz 170ms (cache miss)
186 http fetch GET 200 https://registry.npmjs.org/@swc/counter/-/counter-0.1.3.tgz 172ms (cache miss)
187 http fetch POST 200 https://registry.npmjs.org/-/npm/v1/security/advisories/bulk 200ms
188 silly audit report {}
189 http fetch GET 200 https://registry.npmjs.org/@swc/helpers/-/helpers-0.5.5.tgz 1457ms (cache miss)
190 http fetch GET 200 https://registry.npmjs.org/@next/swc-win32-x64-msvc/-/swc-win32-x64-msvc-14.2.13.tgz 6871ms (cache miss)
191 http fetch GET 200 https://registry.npmjs.org/next/-/next-14.2.13.tgz 31488ms (cache miss)
192 silly ADD node_modules/@swc/counter
193 silly ADD
194 silly ADD
195 silly ADD
196 silly ADD
197 silly ADD
198 silly ADD
199 silly ADD
200 silly ADD
201 silly ADD
202 silly CHANGE node_modules/next
203 silly CHANGE node_modules/micromatch
204 silly CHANGE node_modules/fill-range
205 silly CHANGE node_modules/braces
206 silly CHANGE node_modules/@swc/helpers
207 silly CHANGE node_modules/@next/swc-win32-x64-msvc
208 silly CHANGE node_modules/@next/env
209 verbose cwd C:\Users\Janeth\Desktop\SOFTWARE DEV\landing-page-particles-main
210 verbose os Windows_NT 10.0.19045
211 verbose node v20.17.0
212 verbose npm  v10.8.3
213 verbose exit 0
214 info ok
